Build started 5/11/2015 5:50:19 PM.
     1>Project "C:\Users\Whitney\Documents\Visual Studio 2013\Projects\Customer Bank Accounts\Customer Bank Accounts\Customer Bank Accounts.vcxproj" on node 2 (Build target(s)).
     1>ClCompile:
         C:\Program Files (x86)\Microsoft Visual Studio 12.0\VC\bin\CL.exe /c /ZI /nologo /W3 /WX- /sdl /Od /Oy- /D _MBCS /Gm /EHsc /RTC1 /MDd /GS /fp:precise /Zc:wchar_t /Zc:forScope /Fo"Debug\\" /Fd"Debug\vc120.pdb" /Gd /TP /analyze- /errorReport:prompt "Manage Accounts.cpp"
         Manage Accounts.cpp
     1>c:\users\whitney\documents\visual studio 2013\projects\customer bank accounts\customer bank accounts\manage accounts.cpp(325): warning C4018: '<' : signed/unsigned mismatch
     1>c:\users\whitney\documents\visual studio 2013\projects\customer bank accounts\customer bank accounts\manage accounts.cpp(411): warning C4018: '<' : signed/unsigned mismatch
     1>c:\users\whitney\documents\visual studio 2013\projects\customer bank accounts\customer bank accounts\manage accounts.cpp(422): warning C4018: '<' : signed/unsigned mismatch
     1>c:\users\whitney\documents\visual studio 2013\projects\customer bank accounts\customer bank accounts\manage accounts.cpp(436): warning C4018: '<' : signed/unsigned mismatch
     1>c:\users\whitney\documents\visual studio 2013\projects\customer bank accounts\customer bank accounts\manage accounts.cpp(447): warning C4018: '<' : signed/unsigned mismatch
     1>c:\users\whitney\documents\visual studio 2013\projects\customer bank accounts\customer bank accounts\manage accounts.cpp(458): warning C4018: '<' : signed/unsigned mismatch
     1>c:\users\whitney\documents\visual studio 2013\projects\customer bank accounts\customer bank accounts\manage accounts.cpp(470): warning C4018: '<' : signed/unsigned mismatch
     1>c:\users\whitney\documents\visual studio 2013\projects\customer bank accounts\customer bank accounts\manage accounts.cpp(491): warning C4018: '<' : signed/unsigned mismatch
     1>c:\users\whitney\documents\visual studio 2013\projects\customer bank accounts\customer bank accounts\manage accounts.cpp(503): warning C4018: '<' : signed/unsigned mismatch
     1>c:\users\whitney\documents\visual studio 2013\projects\customer bank accounts\customer bank accounts\manage accounts.cpp(513): warning C4018: '<' : signed/unsigned mismatch
     1>c:\users\whitney\documents\visual studio 2013\projects\customer bank accounts\customer bank accounts\manage accounts.cpp(581): warning C4018: '<' : signed/unsigned mismatch
     1>c:\users\whitney\documents\visual studio 2013\projects\customer bank accounts\customer bank accounts\manage accounts.cpp(614): warning C4018: '<' : signed/unsigned mismatch
       Link:
         C:\Program Files (x86)\Microsoft Visual Studio 12.0\VC\bin\link.exe /ERRORREPORT:PROMPT /OUT:"C:\Users\Whitney\Documents\Visual Studio 2013\Projects\Customer Bank Accounts\Debug\Customer Bank Accounts.exe" /INCREMENTAL /NOLOGO kernel32.lib user32.lib gdi32.lib winspool.lib comdlg32.lib advapi32.lib shell32.lib ole32.lib oleaut32.lib uuid.lib odbc32.lib odbccp32.lib /MANIFEST /MANIFESTUAC:"level='asInvoker' uiAccess='false'" /manifest:embed /DEBUG /PDB:"C:\Users\Whitney\Documents\Visual Studio 2013\Projects\Customer Bank Accounts\Debug\Customer Bank Accounts.pdb" /TLBID:1 /DYNAMICBASE /NXCOMPAT /IMPLIB:"C:\Users\Whitney\Documents\Visual Studio 2013\Projects\Customer Bank Accounts\Debug\Customer Bank Accounts.lib" /MACHINE:X86 Debug\Main.obj
         "Debug\Account List.obj"
         "Debug\Account Node.obj"
         "Debug\Manage Accounts.obj"
         Customer Bank Accounts.vcxproj -> C:\Users\Whitney\Documents\Visual Studio 2013\Projects\Customer Bank Accounts\Debug\Customer Bank Accounts.exe
     1>Done Building Project "C:\Users\Whitney\Documents\Visual Studio 2013\Projects\Customer Bank Accounts\Customer Bank Accounts\Customer Bank Accounts.vcxproj" (Build target(s)).

Build succeeded.

Time Elapsed 00:00:00.64
